Arguments: 
  /home/shonenada/.nvm/versions/node/v12.22.1/bin/node /home/shonenada/.nvm/versions/node/v12.22.1/bin/yarn init

PATH: 
  /home/shonenada/.pyenv/shims:/home/shonenada/.nvm/versions/node/v12.22.1/bin:/home/shonenada/.pyenv/shims:/home/shonenada/.cargo/bin:/usr/local/sbin:/usr/local/bin:/usr/bin:/usr/lib/jvm/default/bin:/usr/bin/site_perl:/usr/bin/vendor_perl:/usr/bin/core_perl:/home/shonenada/.antigen/bundles/robbyrussell/oh-my-zsh/lib:/home/shonenada/.antigen/bundles/robbyrussell/oh-my-zsh/plugins/git:/home/shonenada/.antigen/bundles/robbyrussell/oh-my-zsh/plugins/virtualenv:/home/shonenada/.antigen/bundles/shonenada/oh-my-zsh-pyenv-plugin:/home/shonenada/.antigen/bundles/lukechilds/zsh-nvm:/home/shonenada/.antigen/bundles/robbyrussell/oh-my-zsh/plugins/pip:/home/shonenada/.antigen/bundles/robbyrussell/oh-my-zsh/plugins/cargo:/home/shonenada/.antigen/bundles/robbyrussell/oh-my-zsh/plugins/autojump:/home/shonenada/.antigen/bundles/robbyrussell/oh-my-zsh/plugins/fzf:/home/shonenada/.antigen/bundles/tonyseek/oh-my-zsh-seeker-theme:/home/shonenada/.pyenv/bin:/home/shonenada/go/bin/:/home/shonenada/go/bin/

Yarn version: 
  1.22.10

Node version: 
  12.22.1

Platform: 
  linux x64

Trace: 
  Error: canceled
      at Interface.<anonymous> (/home/shonenada/.nvm/versions/node/v12.22.1/lib/node_modules/yarn/lib/cli.js:136216:13)
      at Interface.emit (events.js:314:20)
      at Interface._ttyWrite (readline.js:868:16)
      at ReadStream.onkeypress (readline.js:205:10)
      at ReadStream.emit (events.js:314:20)
      at emitKeys (internal/readline/utils.js:335:14)
      at emitKeys.next (<anonymous>)
      at ReadStream.onData (readline.js:1137:36)
      at ReadStream.emit (events.js:314:20)
      at addChunk (_stream_readable.js:297:12)

npm manifest: 
  No manifest

yarn manifest: 
  No manifest

Lockfile: 
  No lockfile
